<?xml version="1.0" encoding="UTF-8"?>
<!-- Generated by org.testng.reporters.JUnitXMLReporter -->
<testsuite ignored="1" hostname="DESKTOP-ACB6JEB" failures="0" tests="1" name="ErrorTests" time="0.139" errors="0" timestamp="2024-07-22T16:50:25 IST">
  <testcase classname="TestComponents.BaseTest" name="@BeforeMethod launchApp" time="0.02">
    <failure type="java.io.FileNotFoundException" message="null\src\main\java\wipro\Resources\GlobalData.Properties (The system cannot find the path specified)">
      <![CDATA[java.io.FileNotFoundException: null\src\main\java\wipro\Resources\GlobalData.Properties (The system cannot find the path specified)
at java.base/java.io.FileInputStream.open0(Native Method)
at java.base/java.io.FileInputStream.open(FileInputStream.java:213)
at java.base/java.io.FileInputStream.<init>(FileInputStream.java:152)
at java.base/java.io.FileInputStream.<init>(FileInputStream.java:106)
at TestComponents.BaseTest.invokingBrowser(BaseTest.java:24)
at TestComponents.BaseTest.launchApp(BaseTest.java:42)
at java.base/java.util.ArrayList.forEach(ArrayList.java:1596)
at java.base/java.util.concurrent.FutureTask.run(FutureTask.java:317)
at java.base/java.util.concurrent.ThreadPoolExecutor.runWorker(ThreadPoolExecutor.java:1144)
at java.base/java.util.concurrent.ThreadPoolExecutor$Worker.run(ThreadPoolExecutor.java:642)
at java.base/java.lang.Thread.run(Thread.java:1583)
... Removed 19 stack frames]]>
    </failure>
  </testcase> <!-- @BeforeMethod launchApp -->
  <testcase classname="TestComponents.BaseTest" name="@AfterMethod windUp" time="0.002">
    <failure type="java.lang.NullPointerException" message="Cannot invoke &amp;quot;org.openqa.selenium.WebDriver.close()&amp;quot; because &amp;quot;this.driver&amp;quot; is null">
      <![CDATA[java.lang.NullPointerException: Cannot invoke "org.openqa.selenium.WebDriver.close()" because "this.driver" is null
at TestComponents.BaseTest.windUp(BaseTest.java:50)
at java.base/java.util.ArrayList.forEach(ArrayList.java:1596)
at java.base/java.util.concurrent.FutureTask.run(FutureTask.java:317)
at java.base/java.util.concurrent.ThreadPoolExecutor.runWorker(ThreadPoolExecutor.java:1144)
at java.base/java.util.concurrent.ThreadPoolExecutor$Worker.run(ThreadPoolExecutor.java:642)
at java.base/java.lang.Thread.run(Thread.java:1583)
... Removed 20 stack frames]]>
    </failure>
  </testcase> <!-- @AfterMethod windUp -->
  <testcase classname="wipro.com.errorValidationsTest" name="errorValidationTests" time="0.003">
    <skipped/>
  </testcase> <!-- errorValidationTests -->
  <testcase classname="wipro.com.errorValidationsTest" name="productCatalogueValidations" time="0.0">
    <ignored/>
  </testcase> <!-- productCatalogueValidations -->
</testsuite> <!-- ErrorTests -->
